DEBUG:NewsApp:Added Example news 1, Example link 1 to id[140602473967824]
DEBUG:NewsApp:Added Example news 2, Example link 2 to id[140602473967824]
DEBUG:NewsApp:Added Example news 3, Example link 3, Example bonus attribute to id[140602473967824]
INFO:NewsApp:Getting the first 4 headers from Bbc
DEBUG:urllib3.connectionpool:Starting new HTTPS connection (1): www.bbc.com:443
DEBUG:urllib3.connectionpool:https://www.bbc.com:443 "GET / HTTP/1.1" 200 None
DEBUG:NewsApp:Getting the next header in BBC
DEBUG:NewsApp:Added PM: EU demands in Brexit talks 'unacceptable', https://www.bbc.com/news/uk-politics-55248502 to id[140602473969648]
DEBUG:NewsApp:Getting the next header in BBC
DEBUG:NewsApp:Added US Supreme Court rejects bid to overturn Biden win, https://www.bbc.com/news/world-us-canada-55243008 to id[140602473969648]
DEBUG:NewsApp:Getting the next header in BBC
DEBUG:NewsApp:Added Giuliani given same Covid-19 treatment as Trump, https://www.bbc.com/news/world-55243581 to id[140602473969648]
DEBUG:NewsApp:Getting the next header in BBC
DEBUG:NewsApp:Added Why formal 'business speak' is changing, https://www.bbc.com/worklife/article/20201204-how-young-workers-are-changing-the-rules-of-business-speak to id[140602473969648]
INFO:NewsApp:Getting the first 3 headers from Nbc
DEBUG:urllib3.connectionpool:Starting new HTTPS connection (1): www.nbcnews.com:443
DEBUG:urllib3.connectionpool:https://www.nbcnews.com:443 "GET /latest-stories/ HTTP/1.1" 200 39125
DEBUG:NewsApp:Getting the next header in NBC
DEBUG:NewsApp:Added U.K. probing if allergic reactions linked to Pfizer vaccine, https://www.nbcnews.com/health/health-news/u-k-probing-if-allergic-reactions-linked-pfizer-vaccine-n1250536 to id[140602359339712]
DEBUG:NewsApp:Getting the next header in NBC
DEBUG:NewsApp:Added Underground party in California leads to 158 arrested, sex trafficking victim rescued, https://www.nbcnews.com/news/us-news/underground-party-california-leads-158-arrested-sex-trafficking-victim-rescued-n1250533 to id[140602359339712]
DEBUG:NewsApp:Getting the next header in NBC
DEBUG:NewsApp:Added From lap to laptop: Santa's gone remote, but video calls take some extra magic, https://www.nbcnews.com/business/business-news/lap-laptop-santa-s-gone-remote-video-calls-take-some-n1250513 to id[140602359339712]
INFO:NewsApp:Getting the first 1 headers from Fox
DEBUG:urllib3.connectionpool:Starting new HTTPS connection (1): www.foxnews.com:443
DEBUG:urllib3.connectionpool:https://www.foxnews.com:443 "GET / HTTP/1.1" 200 None
DEBUG:NewsApp:Getting the next header in FOX
DEBUG:NewsApp:Added WATCH: Secretary of State Pompeo delivers remarks on China, https://video.foxnews.com/v/6215153366001/ to id[140602358984816]
INFO:NewsApp:Getting the first 5 headers from Protv
DEBUG:urllib3.connectionpool:Starting new HTTPS connection (1): stirileprotv.ro:443
DEBUG:urllib3.connectionpool:https://stirileprotv.ro:443 "GET / HTTP/1.1" 200 38608
DEBUG:NewsApp:Getting the next header in PROTV
DEBUG:NewsApp:Added Ministrul Educației: Cursurile vor fi reluate după încetarea stării de urgență, https://stirileprotv.ro/stiri/actualitate/surse-scoala-incepe-la-1-iunie-ce-se-intampla-cu-examenele.html to id[140602355387360]
DEBUG:NewsApp:Getting the next header in PROTV
DEBUG:NewsApp:Added Liderul AUR, George Simion, susține că partidul său va declanșa suspendarea lui Iohannis, https://stirileprotv.ro/stiri/politic/liderul-aur-george-simion-sustine-ca-partidul-sau-va-declansa-suspendarea-lui-iohannis.html to id[140602355387360]
DEBUG:NewsApp:Getting the next header in PROTV
DEBUG:NewsApp:Added Medicul Adrian Ilie de la Spitalul Militar, condamnat la 6 ani și 8 luni pentru operații de rinoplastie pe șpagă, https://stirileprotv.ro/stiri/actualitate/medicul-adrian-ilie-de-la-spitalul-militar-condamnat-la-6-ani-si-8-luni-pentru-operatii-de-rinoplastie-pe-spaga.html to id[140602355387360]
DEBUG:NewsApp:Getting the next header in PROTV
DEBUG:NewsApp:Added Paradoxul China. A doua economie a lumii face un salt spectaculos, după pandemie, https://incont.stirileprotv.ro/international/paradoxul-china-a-doua-economie-a-lumii-isi-revine-spectaculos-dupa-pandemie-urmand-sa-creasca-cu-8-in.html to id[140602355387360]
DEBUG:NewsApp:Getting the next header in PROTV
DEBUG:NewsApp:Added "Extratereștrii există și Donald Trump știe de ei!" Declarația ireală a unui GENERAL. Unde e ascunsă baza lor secretă, https://www.sport.ro/virale/extraterestrii-exista-si-donald-trump-stie-de-ei-declaratia-ireala-a-unui-general-de-securitate-unde-e.html to id[140602355387360]
INFO:NewsApp:Getting the first 2 headers from Digi24
DEBUG:urllib3.connectionpool:Starting new HTTPS connection (1): www.digi24.ro:443
DEBUG:urllib3.connectionpool:https://www.digi24.ro:443 "GET / HTTP/1.1" 200 43417
DEBUG:NewsApp:Getting the next header in DIGI24
DEBUG:NewsApp:Added Cod galben de polei în București. Meteorologii au emis o avertizare de fenomene meteo periculoase, https://www.digi24.ro/stiri/actualitate/cod-galben-de-polei-in-bucuresti-meteorologii-au-emis-o-avertizare-de-fenomene-meteo-periculoase-1415191 to id[140602355441968]
DEBUG:NewsApp:Getting the next header in DIGI24
DEBUG:NewsApp:Added Detaliul jignitor care se aude la Paris, în timpul discuției dintre Colțescu și Neymar: ”În țara mea, românii sunt țigani!”, https://www.digisport.ro/fotbal/champions-league/detaliul-jignitor-care-se-aude-la-paris-in-timpul-discutiei-dintre-coltescu-si-neymar-in-tara-mea-romanii-sunt-tigani-965278 to id[140602355441968]
DEBUG:urllib3.connectionpool:Starting new HTTPS connection (1): www.bbc.com:443
DEBUG:urllib3.connectionpool:https://www.bbc.com:443 "GET / HTTP/1.1" 200 None
DEBUG:NewsApp:Getting the next header in BBC
DEBUG:NewsApp:Getting the next header in BBC
DEBUG:NewsApp:Getting the next header in BBC
DEBUG:urllib3.connectionpool:Starting new HTTPS connection (1): www.nbcnews.com:443
DEBUG:urllib3.connectionpool:https://www.nbcnews.com:443 "GET /latest-stories/ HTTP/1.1" 200 39125
DEBUG:NewsApp:Getting the next header in NBC
DEBUG:NewsApp:Getting the next header in NBC
DEBUG:NewsApp:Getting the next header in NBC
INFO:NewsApp:Getting ALL available news from BBC
DEBUG:urllib3.connectionpool:Starting new HTTPS connection (1): www.bbc.com:443
DEBUG:urllib3.connectionpool:https://www.bbc.com:443 "GET / HTTP/1.1" 200 None
DEBUG:NewsApp:Added PM: EU demands in Brexit talks 'unacceptable', https://www.bbc.com/news/uk-politics-55248502 to id[140602350332656]
DEBUG:NewsApp:Added US Supreme Court rejects bid to overturn Biden win, https://www.bbc.com/news/world-us-canada-55243008 to id[140602350332656]
DEBUG:NewsApp:Added Giuliani given same Covid-19 treatment as Trump, https://www.bbc.com/news/world-55243581 to id[140602350332656]
DEBUG:NewsApp:Added Why formal 'business speak' is changing, https://www.bbc.com/worklife/article/20201204-how-young-workers-are-changing-the-rules-of-business-speak to id[140602350332656]
DEBUG:NewsApp:Added Global 'elite' must curb high-carbon living, https://www.bbc.com/news/science-environment-55229725 to id[140602350332656]
DEBUG:NewsApp:Added Allergy warning over Covid vaccine, https://www.bbc.com/news/health-55244122 to id[140602350332656]
DEBUG:NewsApp:Added 'Gradual retreat' from Covid-19 life - Whitty, https://www.bbc.com/news/live/world-55243457 to id[140602350332656]
DEBUG:NewsApp:Added Loughlin's daughter sorry for college scandal, https://www.bbc.com/news/entertainment-arts-55243617 to id[140602350332656]
DEBUG:NewsApp:Added Man Utd count cost of Champions League exit, https://www.bbc.com/sport/football/55235876 to id[140602350332656]
DEBUG:NewsApp:Added England tour of Sri Lanka confirmed, https://www.bbc.com/sport/cricket/55172943 to id[140602350332656]
DEBUG:NewsApp:Added Uefa to investigate Webo racism claim, https://www.bbc.com/sport/football/55242656 to id[140602350332656]
DEBUG:NewsApp:Added The young workers changing labour, https://www.bbc.com/worklife/article/20201203-could-young-workers-reshape-labour-unions to id[140602350332656]
DEBUG:NewsApp:Added An age-old Alpine detox tradition, https://www.bbc.com/travel/story/20201208-is-this-europes-new-wellness-trend to id[140602350332656]
DEBUG:NewsApp:Added The role of dairy in climate change, https://www.bbc.com/future/article/20201208-climate-change-can-dairy-farming-become-sustainable to id[140602350332656]
DEBUG:NewsApp:Added How rural bliss became a modern fantasy, https://www.bbc.com/culture/article/20201208-cottagecore-and-the-rise-of-the-modern-rural-fantasy to id[140602350332656]
DEBUG:NewsApp:Added Two stars for The Midnight Sky, https://www.bbc.com/culture/article/20201209-two-stars-for-the-midnight-sky to id[140602350332656]
DEBUG:NewsApp:Added 'How my foot became anti-vaccine propaganda', https://www.bbc.com/news/blogs-trending-55179300 to id[140602350332656]
DEBUG:NewsApp:Added Going undercover in the schools that chain boys, https://www.bbc.com/news/world-africa-55213710 to id[140602350332656]
DEBUG:NewsApp:Added The pandemic break-up spike, https://www.bbc.com/worklife/article/20201203-why-the-pandemic-is-causing-spikes-in-break-ups-and-divorces to id[140602350332656]
DEBUG:NewsApp:Added So you want a career in computer games tournaments?, https://www.bbc.com/news/business-54999365 to id[140602350332656]
DEBUG:NewsApp:Added My grandad’s ‘triggering’ 1960s race documentary, https://www.bbc.com/news/uk-55220802 to id[140602350332656]
DEBUG:NewsApp:Added My grandad’s ‘triggering’ 1960s race..., https://www.bbc.com/news/uk-55220802 to id[140602350332656]
DEBUG:NewsApp:Added Archbishop and Chief Rabbi on losing a child, https://www.bbc.com/news/uk-55220800 to id[140602350332656]
DEBUG:NewsApp:Added Your vaccine questions answered by an expert, https://www.bbc.com/news/health-55219657 to id[140602350332656]
DEBUG:NewsApp:Added Covid: The day of UK's 'tremendous shot in..., https://www.bbc.com/news/health-55239333 to id[140602350332656]
DEBUG:NewsApp:Added Stranded giraffes in raft rescue, https://www.bbc.com/news/world-africa-55238533 to id[140602350332656]
DEBUG:NewsApp:Added Boris Johnson struggles in interview, https://www.bbc.com/news/uk-40358825 to id[140602350332656]
DEBUG:NewsApp:Added Ready for the total solar eclipse?, https://www.bbc.com/news/world-us-canada-40362067 to id[140602350332656]
DEBUG:NewsApp:Added Koalas 'face extinction' in parts of..., https://www.bbc.com/news/world-australia-40365981 to id[140602350332656]
DEBUG:NewsApp:Added Video 'shows Mosul mosque's destruction', https://www.bbc.com/news/world-middle-east-40366136 to id[140602350332656]
DEBUG:NewsApp:Added Indonesia's female 'devil wheel' riders, https://www.bbc.com/news/world-asia-40360168 to id[140602350332656]
DEBUG:NewsApp:Added RAF plane flies low over world's biggest..., https://www.bbc.com/news/science-environment-55237686 to id[140602350332656]
DEBUG:NewsApp:Added One-minute World News, https://www.bbc.com/news/10462520 to id[140602350332656]
DEBUG:NewsApp:Added 'My first 100 days... masking, vaccinations,..., https://www.bbc.com/news/world-us-canada-55240488 to id[140602350332656]
DEBUG:NewsApp:Added 'Every American who wants the vaccine will..., https://www.bbc.com/news/world-us-canada-55240098 to id[140602350332656]
DEBUG:NewsApp:Added How UAE sheikh came to buy infamous Israeli..., https://www.bbc.com/news/world-middle-east-55237095 to id[140602350332656]
DEBUG:NewsApp:Added What do we know about China's Covid-19 vaccine?, https://www.bbc.com/news/world-asia-china-55212787 to id[140602350332656]
DEBUG:NewsApp:Added Rich countries 'hoarding Covid vaccines', https://www.bbc.com/news/health-55229894 to id[140602350332656]
DEBUG:NewsApp:Added Cyberpunk adds epilepsy warning amid seizure fears, https://www.bbc.com/news/technology-55231183 to id[140602350332656]
DEBUG:NewsApp:Added Lost Muppet Christmas Carol song rediscovered, https://www.bbc.com/news/entertainment-arts-55232499 to id[140602350332656]
DEBUG:NewsApp:Added Low-carbon revolution 'cheaper than thought', https://www.bbc.com/news/science-environment-55237821 to id[140602350332656]
DEBUG:NewsApp:Added 'Interns helped save my firm', https://www.bbc.comhttps://www.bbc.co.uk/news/business-55229148 to id[140602350332656]
DEBUG:NewsApp:Added Why The Avalanches ditched their record collection, https://www.bbc.com/news/entertainment-arts-55220320 to id[140602350332656]
DEBUG:NewsApp:Added Why ugly shellfish are good for the planet, https://www.bbc.com/future/bespoke/follow-the-food/the-simple-shellfish-that-fights-climate-change.html to id[140602350332656]
DEBUG:NewsApp:Added Why dressing up can make us happy, https://www.bbc.com/culture/article/20201127-how-dressing-up-can-make-us-happy to id[140602350332656]
DEBUG:NewsApp:Added Sleepless nights and neon-filled streets, https://www.bbc.com/news/in-pictures-55049608 to id[140602350332656]
DEBUG:NewsApp:Added Earth Photo winners announced, https://www.bbc.com/news/in-pictures-55222730 to id[140602350332656]
DEBUG:NewsApp:Added Weather Watchers Autumn Pic of the Season, https://www.bbc.comhttps://www.bbc.co.uk/programmes/articles/KKfJRZcsjcWqrqCFQvW7qd/pic-of-the-season-autumn-2020 to id[140602350332656]
DEBUG:NewsApp:Added In pictures: Snowy scenes in many parts of UK, https://www.bbc.com/news/uk-55188928 to id[140602350332656]
DEBUG:NewsApp:Added Africa's top shots: Moonlight and carousels, https://www.bbc.com/news/world-africa-55173312 to id[140602350332656]
INFO:NewsApp:Getting ALL available news from NBC
DEBUG:urllib3.connectionpool:Starting new HTTPS connection (1): www.nbcnews.com:443
DEBUG:urllib3.connectionpool:https://www.nbcnews.com:443 "GET /latest-stories/ HTTP/1.1" 200 39125
DEBUG:NewsApp:Added U.K. probing if allergic reactions linked to Pfizer vaccine, https://www.nbcnews.com/health/health-news/u-k-probing-if-allergic-reactions-linked-pfizer-vaccine-n1250536 to id[140602350333568]
DEBUG:NewsApp:Added Underground party in California leads to 158 arrested, sex trafficking victim rescued, https://www.nbcnews.com/news/us-news/underground-party-california-leads-158-arrested-sex-trafficking-victim-rescued-n1250533 to id[140602350333568]
DEBUG:NewsApp:Added From lap to laptop: Santa's gone remote, but video calls take some extra magic, https://www.nbcnews.com/business/business-news/lap-laptop-santa-s-gone-remote-video-calls-take-some-n1250513 to id[140602350333568]
DEBUG:NewsApp:Added Wisconsin Air National Guard F-16 crashes in Michigan, https://www.nbcnews.com/news/us-news/wisconsin-air-national-guard-f-16-crashes-michigan-n1250525 to id[140602350333568]
DEBUG:NewsApp:Added Britain settles in for arduous reality of vaccination after euphoria of being first, https://www.nbcnews.com/news/world/britain-settles-arduous-reality-coronavirus-vaccination-after-euphoria-being-first-n1250524 to id[140602350333568]
DEBUG:NewsApp:Added Historian: After Trump, public and press should hold Biden to a high standard, https://www.nbcnews.com/politics/meet-the-press/historian-after-trump-public-press-should-hold-biden-high-standard-n1250521 to id[140602350333568]
DEBUG:NewsApp:Added Shark attacks surfer in Hawaii, Maui Pro on hold, https://www.nbcnews.com/news/us-news/shark-attacks-surfer-hawaii-maui-pro-competition-suspended-n1250517 to id[140602350333568]
DEBUG:NewsApp:Added Pelosi, Schumer blast $916B White House coronavirus relief proposal, https://www.nbcnews.com/politics/congress/pelosi-schumer-blast-916b-white-house-coronavirus-relief-proposal-n1250515 to id[140602350333568]
DEBUG:NewsApp:Added Biden to introduce retired Gen. Austin as his defense secretary nominee, https://www.nbcnews.com/politics/white-house/biden-introduce-retired-gen-austin-his-defense-secretary-nominee-n1250512 to id[140602350333568]
DEBUG:NewsApp:Added As coronavirus surges, countries spend more on economic aid. But not the U.S., https://www.nbcnews.com/politics/politics-news/coronavirus-surges-countries-spend-more-economic-aid-not-u-s-n1250411 to id[140602350333568]
DEBUG:NewsApp:Added Covid live updates and vaccine news: U.S. tops 15 million coronavirus cases, https://www.nbcnews.com/news/us-news/live-blog/2020-12-9-covid-live-updates-vaccine-news-n1250505 to id[140602350333568]
DEBUG:NewsApp:Added A wine expert's favorite all-purpose glass, https://www.nbcnews.com/shopping/kitchen/best-wine-glass-n1250319 to id[140602350333568]
DEBUG:NewsApp:Added Britain and E.U. head for supper showdown over Brexit trade deal, https://www.nbcnews.com/news/world/britain-e-u-head-supper-showdown-over-brexit-trade-deal-n1250506 to id[140602350333568]
DEBUG:NewsApp:Added Sports, https://www.nbcnews.com/news/sports/ to id[140602350333568]
DEBUG:NewsApp:Added Fire, explosion at West Virginia chemical plant prompt warning for neighbors, https://www.nbcnews.com/news/us-news/fire-explosion-west-virginia-chemical-plant-prompts-warning-neighbors-n1250484 to id[140602350333568]
DEBUG:NewsApp:Added California pastor, church found in contempt, fined over Covid rules, https://www.nbcnews.com/news/us-news/california-pastor-church-found-contempt-fined-over-covid-rules-n1250481 to id[140602350333568]
DEBUG:NewsApp:Added ICU nurse loses father to Covid-19, https://www.nbcnews.com/news/us-news/painful-reflection-icu-nurse-loses-father-covid-19-n1250480 to id[140602350333568]
DEBUG:NewsApp:Added Big business gets its wings as leaders from major U.S. companies partner with Pope Francis, https://www.nbcnews.com/business/business-news/big-business-gets-its-wings-leaders-major-u-s-companies-n1250473 to id[140602350333568]
DEBUG:NewsApp:Added UNLV quarterback apologizes for racy 'Below Deck' sushi stunt, https://www.nbcnews.com/news/sports/unlv-quarterback-apologizes-racy-below-deck-sushi-stunt-n1250318 to id[140602350333568]
INFO:NewsApp:Getting ALL available news from FOX
DEBUG:urllib3.connectionpool:Starting new HTTPS connection (1): www.foxnews.com:443
DEBUG:urllib3.connectionpool:https://www.foxnews.com:443 "GET / HTTP/1.1" 200 None
DEBUG:NewsApp:Added WATCH: Secretary of State Pompeo delivers remarks on China, https://video.foxnews.com/v/6215153366001/ to id[140602350333808]
DEBUG:NewsApp:Added Send us your Christmas photos and we'll tell your story, https://www.foxnews.com/us/christmas-america-together-send-us-your-photos-covid-19 to id[140602350333808]
DEBUG:NewsApp:Added Swalwell tries to shake off report linking him to suspected Chinese spy as criticism grows, https://www.foxnews.com/media/eric-swalwell-trump-axios-report-chinese-spy to id[140602350333808]
DEBUG:NewsApp:Added TUCKER CARLSON: Why is Eric Swalwell still on House Intel Committee after bombshell Chinese spy report?, https://www.foxnews.com/opinion/tucker-carlson-eric-swalwell-chinese-spy-house-intelligence-committee to id[140602350333808]
DEBUG:NewsApp:Added New White House COVID-19 relief proposal includes $600 stimulus check but no unemployment boost, https://www.foxbusiness.com/politics/new-white-house-covid-relief-proposal-stimulus-check-unemployment-boost to id[140602350333808]
DEBUG:NewsApp:Added No drinking for 2 months after COVID-19 vaccine, Russia tells citizens, https://www.foxnews.com/health/coronavirus-vaccination-russians-avoid-alcohol-two-months to id[140602350333808]
DEBUG:NewsApp:Added UK investigates 2 adverse reactions to Pfizer coronavirus shot, https://www.foxbusiness.com/markets/uk-prizer-coronavirus-vaccine-allergic-reactions to id[140602350333808]
DEBUG:NewsApp:Added Nikki Haley says her sister-in-law, 53, died of COVID-19, https://www.foxnews.com/health/nikki-haley-says-her-sister-in-law-died-of-covid-19 to id[140602350333808]
DEBUG:NewsApp:Added White House threatens to use Defense Production Act to ensure coronavirus vaccine allocation, https://www.foxbusiness.com/politics/white-house-threatens-to-use-defense-production-act-to-ensure-coronavirus-vaccine-allocation to id[140602350333808]
DEBUG:NewsApp:Added New congresswoman, who got into politics because of daughter's health, says ObamaCare was 'one of the biggest lies' of history, https://www.foxnews.com/politics/texas-rep-elect-beth-van-duyne-says-obamacare to id[140602350333808]
DEBUG:NewsApp:Added Democrats' push to expand IRS with $5.2 billion dedicated to 'enforcement activities' raises concerns, https://www.foxnews.com/politics/house-democrats-irs-expansion-biden-obama-tea-party to id[140602350333808]
DEBUG:NewsApp:Added Iran makes arrests in killing of top nuclear scientist, those responsible 'will not escape justice': official, https://www.foxnews.com/world/iran-made-arrests-killing-nuclear-scientist-mohsen-fakhrizadeh-troops-middle-east to id[140602350333808]
DEBUG:NewsApp:Added F-16 fighter jet crashes in Michigan's Upper Peninsula, pilot status remains unknown, https://www.foxnews.com/us/f-16-fighter-jet-crashes-in-michigans-upper-peninsula to id[140602350333808]
DEBUG:NewsApp:Added Ivanka and Jared buy $30M lot on Miami's 'Billionaire’s Bunker', https://www.foxbusiness.com/real-estate/ivanka-and-jared-buy-30m-lot-on-high-security-miami-island to id[140602350333808]
DEBUG:NewsApp:Added The most expensive home in the United States is now up for auction, https://www.foxnews.com/real-estate/most-expensive-home-auction-report to id[140602350333808]
DEBUG:NewsApp:Added CHUCK DeVORE: Tesla's Elon Musk ditches California, his home for 25 years — here's what awaits him in Texas, https://www.foxbusiness.com/business-leaders/tesla-elon-musk-california-texas to id[140602350333808]
DEBUG:NewsApp:Added West Virginia area told to shelter-in-place after explosion at chemical plant, https://www.foxnews.com/us/chemical-incident-reported-at-west-virginia-plant-shelter-in-place-ordered to id[140602350333808]
DEBUG:NewsApp:Added Beloved Atlanta tavern saved by loyal customers, https://www.foxnews.com/us/atlanta-bar-fundraiser-owner-loyal-customers to id[140602350333808]
DEBUG:NewsApp:Added 'Shocked and saddened': Minnesota nurse who was shamed for Christmas lights speaks out, https://www.foxnews.com/us/minnesota-residents-christmas-light-display-shamed-for-harmful-impact to id[140602350333808]
DEBUG:NewsApp:Added Lionel Richie's daughter comes to Olivia Jade's defense after viral interview, then gets called out for her 'white privilege', https://www.foxnews.com/entertainment/sofia-richie-defends-olivia-jade-interview-red-table-talk-college-admissions-scandal to id[140602350333808]
DEBUG:NewsApp:Added Howard Stern, SiriusXM strike new contract deal, https://www.foxbusiness.com/lifestyle/howard-stern-siriusxm-five-years-contract-deal to id[140602350333808]
DEBUG:NewsApp:Added Zara Tindall, Queen Elizabeth’s granddaughter, pregnant with her third child: ‘Please be a boy’, https://www.foxnews.com/entertainment/zara-tindall-queen-elizabeth-granddaughter-pregnant-third-child to id[140602350333808]
DEBUG:NewsApp:Added Wynonna Judd recalls 'breakdown' in March that led her to address anxiety: 'I'm a work in progress', https://www.foxnews.com/entertainment/wynonna-judd-breakdown-march-anxiety to id[140602350333808]
DEBUG:NewsApp:Added Brooke Burns talks meeting Alex Trebek on ‘Baywatch’ and whether she would host ‘Jeopardy!’, https://www.foxnews.com/entertainment/brooke-burns-alex-trebek-jeopardy-master-minds-baywatch-memories to id[140602350333808]
DEBUG:NewsApp:Added 5 Christmas shows on Fox Nation that'll get you in the holiday spirit, https://www.foxnews.com/media/fox-nation-christmas-shows-movies to id[140602350333808]
DEBUG:NewsApp:Added Texas fishermen caught with 173 crappies over limit facing charges and civil restitution, https://www.foxnews.com/great-outdoors/texas-fishermen-caught-173-crappies-charges-restitution to id[140602350333808]
DEBUG:NewsApp:Added Surfer in Hawaii suffers apparent shark bite at Maui's Honolua Bay, https://www.foxnews.com/great-outdoors/surfer-hawaii-apparent-shark-bite-maui-honolua-bay to id[140602350333808]
DEBUG:NewsApp:Added S&P sets new record with coronavirus stimulus, vaccine in focus, https://www.foxbusiness.com/markets/us-stocks-dec-9-2020 to id[140602350333808]
DEBUG:NewsApp:Added Shocking number of Americans with incomes over $100,000 fear they'll never retire, https://www.foxbusiness.com/personal-finance/half-of-americans-with-incomes-over-100000-fear-theyll-never-retire to id[140602350333808]
DEBUG:NewsApp:Added Researchers flag new threat for online shoppers, https://www.foxnews.com/tech/researchers-credit-card-skimmers-social-media-buttons to id[140602350333808]
DEBUG:NewsApp:Added Coronavirus lockdowns by state: what you need to know, https://www.foxnews.com/us/here-are-your-state-by-state-restrictions to id[140602350333808]
INFO:NewsApp:Getting ALL available news from PROTV
DEBUG:urllib3.connectionpool:Starting new HTTPS connection (1): stirileprotv.ro:443
DEBUG:urllib3.connectionpool:https://stirileprotv.ro:443 "GET / HTTP/1.1" 200 38608
DEBUG:NewsApp:Added Ministrul Educației: Cursurile vor fi reluate după încetarea stării de urgență, https://stirileprotv.ro/stiri/actualitate/surse-scoala-incepe-la-1-iunie-ce-se-intampla-cu-examenele.html to id[140602348201680]
DEBUG:NewsApp:Added Liderul AUR, George Simion, susține că partidul său va declanșa suspendarea lui Iohannis, https://stirileprotv.ro/stiri/politic/liderul-aur-george-simion-sustine-ca-partidul-sau-va-declansa-suspendarea-lui-iohannis.html to id[140602348201680]
DEBUG:NewsApp:Added Medicul Adrian Ilie de la Spitalul Militar, condamnat la 6 ani și 8 luni pentru operații de rinoplastie pe șpagă, https://stirileprotv.ro/stiri/actualitate/medicul-adrian-ilie-de-la-spitalul-militar-condamnat-la-6-ani-si-8-luni-pentru-operatii-de-rinoplastie-pe-spaga.html to id[140602348201680]
DEBUG:NewsApp:Added Paradoxul China. A doua economie a lumii face un salt spectaculos, după pandemie, https://incont.stirileprotv.ro/international/paradoxul-china-a-doua-economie-a-lumii-isi-revine-spectaculos-dupa-pandemie-urmand-sa-creasca-cu-8-in.html to id[140602348201680]
DEBUG:NewsApp:Added "Extratereștrii există și Donald Trump știe de ei!" Declarația ireală a unui GENERAL. Unde e ascunsă baza lor secretă, https://www.sport.ro/virale/extraterestrii-exista-si-donald-trump-stie-de-ei-declaratia-ireala-a-unui-general-de-securitate-unde-e.html to id[140602348201680]
DEBUG:NewsApp:Added Angela Merkel cere noi restricţii în Germania, în urma creşterii numărului de cazuri de Covid-19, https://stirileprotv.ro/stiri/international/angela-merkel-cere-noi-restrictii-in-germania-in-urma-cresterii-numarului-de-cazuri-de-covid-19.html to id[140602348201680]
DEBUG:NewsApp:Added Este AUR sub influenta rusilor? Reactie neasteptata a lui George Simion despre Vladimir Putin, https://www.fanatik.ro/aur-partidul-rusilor-ce-spune-george-simion-de-vladimir-putin-19379737 to id[140602348201680]
DEBUG:NewsApp:Added Ce au căutat românii pe Google în 2020. „Cum să dormi 8 ore în 4 ore”, printre curiozități, https://stirileprotv.ro/stiri/ilikeit/ce-au-cautat-romanii-pe-google-in-2020-zcum-sa-dormi-8-ore-in-4-ore-printre-curiozitati.html to id[140602348201680]
DEBUG:NewsApp:Added Cum arătau vedetele acum mai bine de 20 de ani! Imagini de arhivă, https://protvplus.ro/emisiuni/trending-review-cu-daragiu/episodul/31585-cum-aratau-vedetele-pro-tv-acum-25-de-ani-trending-review-cu-daragiu-episodul-49 to id[140602348201680]
DEBUG:NewsApp:Added Ce scrie presa internațională după incidentul rasist din meciul PSG - Istanbul Başakşehir, https://stirileprotv.ro/stiri/sport/ce-scrie-presa-internationala-dupa-incidentul-rasist-din-meciul-psg-istanbul-basaksehir.html to id[140602348201680]
DEBUG:NewsApp:Added Cum va arăta Parlamentul României. Numărul de deputați și senatori pe care îi vor avea marile partide, https://stirileprotv.ro/stiri/alegeri-parlamentare-2020/cum-va-arata-parlamentul-romaniei-numarul-de-deputati-si-senatori-pe-care-ii-vor-avea-marile-partide.html to id[140602348201680]
DEBUG:NewsApp:Added Cine este Sorin Lavric, liderul AUR care susține că romii sunt o ”plagă socială”. A fost exclus din Uniunea Scriitorilor, https://stirileprotv.ro/stiri/actualitate/cine-este-sorin-lavric-liderul-aur-care-sustine-ca-romii-sunt-o-plaga-sociala-a-fost-dat-afara-din-uniunea-scriitorilor.html to id[140602348201680]
DEBUG:NewsApp:Added CCR discută sesizarea Guvernului asupra legii de acordare a stimulentelor de risc pentru profesori în perioada pandemiei, https://stirileprotv.ro/stiri/actualitate/ccr-discuta-sesizarea-guvernului-asupra-legii-de-acordare-a-stimulentelor-de-risc-pentru-profesori-in-perioada-pandemiei.html to id[140602348201680]
DEBUG:NewsApp:Added Nicușor Dan, despre carantinarea Capitalei: "Nu se pune această problemă", https://stirileprotv.ro/stiri/actualitate/nicusor-dan-anunta-ca-nu-se-impune-carantinarea-capitalei-nu-se-pune-aceasta-problema.html to id[140602348201680]
DEBUG:NewsApp:Added Primul sens giratoriu construit sub Oceanul Atlantic. E o adevărată operă de artă, https://www.yoda.ro/virale/primul-sens-giratoriu-construit-sub-oceanul-atlantic-e-o-adevarata-opera-de-arta.html to id[140602348201680]
DEBUG:NewsApp:Added WhatsApp a introdus o nouă funcție. Despre ce este vorba, https://stirileprotv.ro/stiri/ilikeit/whatsapp-a-introdus-o-noua-functie-despre-ce-este-vorba.html to id[140602348201680]
DEBUG:NewsApp:Added UEFA a desemnat un inspector care să analizeze incidentele de la meciul PSG - Istanbul Başakşehir, https://stirileprotv.ro/stiri/sport/uefa-a-desemnat-un-inspector-care-sa-analizeze-incidentele-de-la-meciul-psg-istanbul-basaksehir.html to id[140602348201680]
DEBUG:NewsApp:Added ANM: Cod galben de ninsori abundente, vânt puternic și viscol. Până când e valabil, https://stirileprotv.ro/stiri/vremea/anm-cod-galben-de-vreme-rea-in-12-judete-pana-cand-e-valabil.html to id[140602348201680]
DEBUG:NewsApp:Added Panică într-un cartier din Arad. Un incendiu de proporții a cuprins un supermarket din zonă, https://stirileprotv.ro/stiri/actualitate/panica-intr-un-cartier-din-arad-un-incendiu-de-proportii-a-cuprins-un-supermarket-din-zona.html to id[140602348201680]
DEBUG:NewsApp:Added Motivul pentru care construcţia fabricii Tesla din Germania a fost suspendată, https://stirileprotv.ro/stiri/international/motivul-pentru-care-constructia-fabricii-tesla-din-germania-a-fost-suspendata.html to id[140602348201680]
DEBUG:NewsApp:Added Veneția, afectată din nou de inundații. Autoritățile nu au activat barierele mobile, https://stirileprotv.ro/stiri/international/venetia-afectata-din-nou-de-inundatii-autoritatile-nu-au-activat-barierele-mobile.html to id[140602348201680]
DEBUG:NewsApp:Added România va debuta în preliminariile CM 2022 acasă cu Macedonia de Nord. Programul complet al Grupei J, https://stirileprotv.ro/stiri/sport/romania-va-debuta-in-preliminariile-cm-2022-acasa-cu-macedonia-de-nord-programul-complet-al-grupei-j.html to id[140602348201680]
DEBUG:NewsApp:Added Greșeala care l-a costat 3.000 de euro. A ieșit timp de 8 secunde din camera de hotel în care se afla în izolare, https://stirileprotv.ro/divers/greseala-care-l-a-costat-3-000-de-euro-a-iesit-timp-de-8-secunde-din-camera-de-hotel-in-care-se-afla-in-izolare.html to id[140602348201680]
DEBUG:NewsApp:Added Ninsoarea le-a dat bătăi serioase de cap șoferilor. Cum s-au pregătit autoritățile de intervenție, https://stirileprotv.ro/stiri/actualitate/ninsoarea-le-a-dat-batai-serioase-de-cap-soferilor-cum-s-au-pregatit-autoritatile-de-interventie.html to id[140602348201680]
DEBUG:NewsApp:Added FRF aşteaptă raportul UEFA în cazul de rasism în care a fost implicat arbitrul Sebastian Colţescu, https://stirileprotv.ro/stiri/sport/frf-asteapta-raportul-uefa-in-cazul-de-rasism-in-care-a-fost-implicat-arbitrul-sebastian-coltescu.html to id[140602348201680]
DEBUG:NewsApp:Added Papa Francisc, singur la o ceremonie care în alți ani strângea zeci de mii de credincioși în centrul Romei, https://stirileprotv.ro/stiri/international/papa-francisc-singur-la-o-ceremonie-care-in-alti-ani-strangea-zeci-de-mii-de-credinciosi-in-centrul-romei.html to id[140602348201680]
DEBUG:NewsApp:Added Chuck Yeager, primul pilot care a trecut bariera sunetului, a murit. Câți ani avea, https://stirileprotv.ro/stiri/international/chuck-yeager-primul-pilot-care-a-trecut-bariera-sunetului-a-murit-cati-ani-avea.html to id[140602348201680]
DEBUG:NewsApp:Added Fenomenul din spitalele din România de care nimeni nu vorbește. Cel puțin 17 oameni au murit, https://www.libertatea.ro/stiri/pacientii-cu-covid-care-s-au-sinucis-in-spitale-n-au-primit-ajutor-psihologic-3307201?utm_source=stirileprotv&utm_medium=referral to id[140602348201680]
DEBUG:NewsApp:Added Ce s-a întâmplat cu prima persoană din lume care s-a vaccinat anti-COVID-19, https://www.gandul.ro/international/prima-persoana-din-lume-vaccinata-pentru-covid-19-cu-tratamentul-pfizer-m-am-simtit-privilegiata-video-19550961 to id[140602348201680]
DEBUG:NewsApp:Added Experți: Persoanele cu alergii să nu facă vaccinul Pfizer-BioNTech împotriva COVID-19, https://stirileprotv.ro/stiri/international/experti-persoanele-cu-alergii-sa-nu-faca-vaccinul-pfizer-biontech-impotriva-covid-19.html to id[140602348201680]
DEBUG:NewsApp:Added AUDIO. Momentul în care Colțescu îi spune lui Hațegan să îl sancţioneze pe "negrul ăla", https://stirileprotv.ro/stiri/sport/audio-momentul-in-care-coltescu-ii-spune-lui-hategan-sa-il-sanctioneze-pe-negrul-ala.html to id[140602348201680]
DEBUG:NewsApp:Added Cum a ajuns un apartament cu 3 camere mai scump decât o vilă cu 4 camere și curte mare, https://bit.ly/33WPilM to id[140602348201680]
DEBUG:NewsApp:Added Doi foști internaționali englezi îi iau apărarea lui Sebastian Colțescu. ”Este ignorant? Probabil. Rasist? Nu sunt sigur”, https://stirileprotv.ro/stiri/actualitate/doi-fosti-internationali-englezi-ii-iau-apararea-lui-sebastian-coltescu-este-ignorant-probabil-rasist-nu-sunt-sigur.html to id[140602348201680]
DEBUG:NewsApp:Added "10 bețe!" S-a aflat cât cheltuia Diego Maradona în fiecare lună. Suma incredibilă și unde se duceau banii, https://www.sport.ro/virale/10-bete-s-a-aflat-cat-cheltuia-diego-maradona-in-fiecare-luna-suma-incredibila-si-unde-se-duceau-banii.html to id[140602348201680]
DEBUG:NewsApp:Added Ce spune Traian Berbeceanu despre o posibilă carantinare a Capitalei: „Nu avem în vedere un asemenea scenariu”, https://stirileprotv.ro/stiri/actualitate/ce-spune-traian-berbeceanu-despre-o-posibila-carantinare-a-capitalei-znu-avem-in-vedere-un-asemenea-scenariu.html to id[140602348201680]
DEBUG:NewsApp:Added UEFA: PSG - Istanbul Bașakșehir se va relua miercuri, cu altă brigadă de arbitri, https://stirileprotv.ro/stiri/sport/reactia-uefa-la-incidentul-rasist-din-psg-istanbul-bb-meciul-se-va-relua-fara-coltescu.html to id[140602348201680]
DEBUG:NewsApp:Added Apple a prezentat căştile AirPods Max. Când vor fi lansate și ce preț vor avea. VIDEO, https://stirileprotv.ro/stiri/ilikeit/apple-a-prezentat-castile-airpods-max-cand-vor-fi-lansate-si-ce-pret-vor-avea-video.html to id[140602348201680]
DEBUG:NewsApp:Added Liderul AUR, George Simion, intervine în scandalul de rasism: ”Suntem solidari cu Colțescu”, https://stirileprotv.ro/stiri/politic/liderul-aur-george-simion-intervine-in-scandalul-de-rasism-suntem-solidari-cu-coltescu.html to id[140602348201680]
DEBUG:NewsApp:Added Cauciucuri de iarnă 2020. Ce amenzi riscă șoferii care nu și-au montat anvelopele pentru zăpadă, https://stirileprotv.ro/stiri/auto/cand-se-monteaza-cauciucurile-de-iarna-in-2020-tot-ce-trebuie-sa-stie-soferii.html to id[140602348201680]
DEBUG:NewsApp:Added Copil de 9 ani din Constanța, cercetat pentru tâlhărie. Înainte de agresiune, i-a cerut victimei taxă de protecție, https://stirileprotv.ro/stiri/social/copil-de-9-ani-din-constanta-cercetat-pentru-talharie-inainte-de-agresiune-i-a-cerut-victimei-taxa-de-protectie.html to id[140602348201680]
DEBUG:NewsApp:Added Horoscop 9 decembrie 2020, prezentat de Neti Sandu. Peștii primesc bani pentru achiziții, https://stirileprotv.ro/show-buzz/horoscop/horoscop-9-decembrie-2020-prezentat-de-neti-sandu-pestii-primesc-bani-pentru-achizitii.html to id[140602348201680]
DEBUG:NewsApp:Added Tincuța Marin, un artist de 25 de ani, a atras atenția criticilor de artă. Cum a transformat urâtul în frumos, https://stirileprotv.ro/stiri/1-decembrie/tincuta-marin-un-artist-de-25-de-ani-a-atras-atentia-criticilor-de-arta-cum-a-transformat-uratul-in-frumos.html to id[140602348201680]
DEBUG:NewsApp:Added Tânărul IT-ist care vrea să schimbe lumea. Cum va îmbina informatica cu psihologia și sociologia, https://stirileprotv.ro/stiri/1-decembrie/tanarul-it-ist-care-vrea-sa-schimbe-lumea-cum-va-imbina-informatica-cu-psihologia-si-sociologia.html to id[140602348201680]
DEBUG:NewsApp:Added Povestea Mădălinei, tânăra care visează să deschidă o grădiniță. Şi-a investit tot timpul şi banii în copii, https://stirileprotv.ro/stiri/1-decembrie/povestea-madalinei-tanara-care-viseaza-sa-deschida-o-gradinita-la-sat-si-a-investit-tot-timpul-si-banii-in-copii.html to id[140602348201680]
DEBUG:NewsApp:Added Vaccinul anti-COVID nu înseamnă sfârșitul pandemiei! Experții din sănătate trag un semnal de alarmă, https://www.doctordebine.ro/coronavirus/vaccinul-anti-covid-nu-inseamna-sfarsitul-pandemiei-expertii-din-sanatate-trag-un-semnal-de-alarma.html to id[140602348201680]
DEBUG:NewsApp:Added Noul Guvern ar putea fi format de PNL, USR-PLUS şi UDMR. Ce ministere a cerut USR, https://stirileprotv.ro/stiri/politic/noul-guvern-ar-putea-fi-format-de-pnl-usr-plus-si-udmr-ce-ministere-a-cerut-usr.html to id[140602348201680]
DEBUG:NewsApp:Added Ce înseamnă să se strice vinul și cât timp rezistă dupa ce l-ai desfăcut?, https://foodstory.ro/eveniment/cat-timp-rezista-vinul-dupa-ce-l-ai-desfacut to id[140602348201680]
DEBUG:NewsApp:Added Rectificare bugetară adoptată de CGMB. Ce se întâmplă cu datoria Termoenergetica față de ELCEN, https://stirileprotv.ro/stiri/financiar/rectificare-bugetara-adoptata-de-cgmb-ce-se-intampla-cu-datoria-termoenergetica-fata-de-elcen.html to id[140602348201680]
DEBUG:NewsApp:Added Un tânăr a murit înghețat la -50 de grade, după ce mașina i s-a stricat pe Drumul Oaselor, https://stirileprotv.ro/divers/un-tanar-a-murit-inghetat-in-masina-la-50-de-grade-dupa-ce-masina-i-s-a-stricat-pe-drumul-oaselor.html to id[140602348201680]
DEBUG:NewsApp:Added Bucovina, asaltată de turiști străini în anii trecuți, e acum pustie. Peisajele îți taie respirația, https://stirileprotv.ro/stiri/travel/bucovina-asaltata-de-turisti-straini-in-anii-trecuti-e-acum-pustie-peisajele-iti-taie-respiratia.html to id[140602348201680]
DEBUG:NewsApp:Added Victor, robotul românesc care dezinfectează spitalele. Cât costă și cum funcționează, https://stirileprotv.ro/stiri/ilikeit/victor-robotul-romanesc-care-dezinfecteaza-spitalele-cat-costa-si-cum-functioneaza.html to id[140602348201680]
DEBUG:NewsApp:Added Platforma gratuită care ajută studenții și tinerii absolvenți să facă practică și să se angajeze, https://stirileprotv.ro/stiri/ilikeit/platforma-gratuita-care-ajuta-studentii-si-tinerii-absolventi-sa-faca-practica-si-sa-se-angajeze.html to id[140602348201680]
DEBUG:NewsApp:Added UE: Google trebuie să ofere mai multă transparenţă privind ierarhizarea rezultatelor căutărilor, https://stirileprotv.ro/stiri/ilikeit/ue-google-trebuie-sa-ofere-mai-multa-transparenta-privind-ierarhizarea-rezultatelor-cautarilor.html to id[140602348201680]
DEBUG:NewsApp:Added Impozitarea pensiilor speciale cu 85%, amânată de CCR. A fost contestată de Avocatul Poporului, https://stirileprotv.ro/justitie/impozitarea-pensiilor-speciale-cu-85-pe-masa-ccr-a-fost-contestata-de-avocatul-poporului.html to id[140602348201680]
DEBUG:NewsApp:Added Cum vrea guvernul chinez să „curețe Internetul”. A blocat Tripadvisor și alte peste 100 de aplicații, https://stirileprotv.ro/stiri/ilikeit/cum-vrea-guvernul-chinez-sa-zcurete-internetul-a-blocat-tripadvisor-si-alte-peste-100-de-aplicatii.html to id[140602348201680]
DEBUG:NewsApp:Added Prima persoană din lume care a primit vaccinul anti-Covid dezvoltat de Pfizer. Cum se simte, https://stirileprotv.ro/stiri/international/prima-persoana-din-lume-care-a-primit-vaccinul-anti-covid-dezvoltat-de-pfizer-cum-se-simte.html to id[140602348201680]
DEBUG:NewsApp:Added Harta politică a României după alegerile parlamentare. În 20 de județe AUR a obținut mai multe voturi decât USR PLUS, https://stirileprotv.ro/stiri/alegeri-parlamentare-2020/harta-politica-a-romaniei-dupa-alegerile-parlamentare-in-20-de-judete-aur-a-obtinut-mai-multe-voturi-decat-usr-plus.html to id[140602348201680]
DEBUG:NewsApp:Added Județele cu cea mai mare rată de infectare cu SARS-CoV-2. Ilfov este pe primul loc, https://stirileprotv.ro/stiri/actualitate/judetele-cu-cea-mai-mare-rata-de-infectare-cu-sars-cov-2-ilfov-este-pe-primul-loc.html to id[140602348201680]
DEBUG:NewsApp:Added Festivalul Neversea se va desfăşura în perioada 8 - 11 iulie 2021 la Constanța, https://stirileprotv.ro/show-buzz/entertainment/festivalul-neversea-se-va-desfasura-in-perioada-8-11-iulie-2021-la-constanta.html to id[140602348201680]
DEBUG:NewsApp:Added OMS se opune vaccinării obligatorii împotriva Covid-19: „Să-i lăsăm pe ei să decidă”, https://stirileprotv.ro/stiri/international/oms-se-opune-vaccinarii-obligatorii-impotriva-covid-19-zsa-i-lasam-pe-ei-sa-decida.html to id[140602348201680]
DEBUG:NewsApp:Added Pe măsură ce trece timpul, oasele îşi pierd din volum. Cum evoluează boala parodontală, https://stirileprotv.ro/stiri/csid/pe-masura-ce-trece-timpul-oasele-isi-pierd-din-volum-cum-evolueaza-boala-parodontala.html to id[140602348201680]
DEBUG:NewsApp:Added Cum recunoaștem că o persoană a făcut un accident vascular cerebral. Sfatul specialiștilor, https://stirileprotv.ro/stiri/csid/cum-recunoastem-ca-o-persoana-a-facut-un-accident-vascular-cerebral-sfatul-specialistilor.html to id[140602348201680]
DEBUG:NewsApp:Added Cum putem preveni pietrele la rinichi și ce trebuie să facem în cazul în care apar, https://stirileprotv.ro/stiri/csid/cum-putem-preveni-pietrele-la-rinichi-si-ce-trebuie-sa-facem-in-cazul-in-care-apar.html to id[140602348201680]
DEBUG:NewsApp:Added România reciclează doar 14% din deșeuri. Ce a găsit Inspectorul PRO în teren, https://stirileprotv.ro/stiri/inspectorul-pro/romania-recicleaza-doar-14-din-deseuri-ce-a-gasit-inspectorul-pro-in-teren.html to id[140602348201680]
DEBUG:NewsApp:Added Fenomenul overbooking, urmărit de Inspectorul PRO. Cum se desfășoară procedura de recuperare a banilor, https://stirileprotv.ro/stiri/inspectorul-pro/fenomenul-overbooking-tot-mai-multi-romani-se-trezesc-ca-nu-au-loc-la-cursa-la-care-si-au-luat-bilet.html to id[140602348201680]
DEBUG:NewsApp:Added Metoda inedită a unor tineri din Austria pentru a salva planeta. De ani de zile mănâncă din gunoi, https://stirileprotv.ro/stiri/inspectorul-pro/metoda-inedita-a-unor-tineri-din-austria-pentru-a-salva-planeta-de-ani-de-zile-mananca-din-gunoi.html to id[140602348201680]
DEBUG:NewsApp:Added ”Doctor de bine”. Sfaturi importante pentru părinții preocupați de imunitatea copiilor, https://stirileprotv.ro/stiri/doctor-de-bine/doctor-de-bine-sfaturi-importante-pentru-parintii-preocupati-de-imunitatea-copiilor.html to id[140602348201680]
DEBUG:NewsApp:Added Medic: ”Distanțarea socială va avea un impact asupra axei sexuale a copiilor”, https://stirileprotv.ro/stiri/doctor-de-bine/medic-distantarea-sociala-va-avea-un-impact-asupra-axei-sexuale-a-copiilor.html to id[140602348201680]
DEBUG:NewsApp:Added Cum au fost afectați copiii de izolare. Medicul Mihai Craiu, invitatul emisiunii "Doctor de bine", https://stirileprotv.ro/stiri/doctor-de-bine/cum-au-fost-afecta-ii-copiii-de-izolare-medicul-mihai-craiu-invitatul-emisiunii-doctor-de-bine.html to id[140602348201680]
INFO:NewsApp:Getting ALL available news from DIGI24
DEBUG:urllib3.connectionpool:Starting new HTTPS connection (1): www.digi24.ro:443
DEBUG:urllib3.connectionpool:https://www.digi24.ro:443 "GET / HTTP/1.1" 200 43387
DEBUG:NewsApp:Added Cod galben de polei în București. Meteorologii au emis o avertizare de fenomene meteo periculoase, https://www.digi24.ro/stiri/actualitate/cod-galben-de-polei-in-bucuresti-meteorologii-au-emis-o-avertizare-de-fenomene-meteo-periculoase-1415191 to id[140602348201872]
DEBUG:NewsApp:Added Detaliul jignitor care se aude la Paris, în timpul discuției dintre Colțescu și Neymar: ”În țara mea, românii sunt țigani!”, https://www.digisport.ro/fotbal/champions-league/detaliul-jignitor-care-se-aude-la-paris-in-timpul-discutiei-dintre-coltescu-si-neymar-in-tara-mea-romanii-sunt-tigani-965278 to id[140602348201872]
DEBUG:NewsApp:Added VIDEO | Angela Merkel, apel disperat: Dacă va fi ultimul Crăciun cu bunicii noștri, atunci sigur am făcut ceva greșit, https://www.digi24.ro/stiri/externe/ue/video-angela-merkel-apel-disperat-daca-va-fi-ultimul-craciun-cu-bunicii-nostri-atunci-sigur-am-facut-ceva-gresit-1415104 to id[140602348201872]
DEBUG:NewsApp:Added Coșul de cumpărături ar putea fi interzis în magazinele din București, pe modelul județului Argeș, https://www.digi24.ro/stiri/actualitate/cosul-de-cumparaturi-ar-putea-fi-interzis-in-magazinele-din-bucuresti-pe-modelul-judetului-arges-1415136 to id[140602348201872]
DEBUG:NewsApp:Added Gândirea laterală 771 a fost pusă sub supraveghere în Germania, https://www.digi24.ro/stiri/externe/ue/o-miscare-de-protest-impotriva-restrictiilor-covid-pusa-sub-supraveghere-in-germania-1415014 to id[140602348201872]
DEBUG:NewsApp:Added Clotilde Armand îl atacă pe Nicușor Dan: Să nu mai complice lucrurile, https://www.digi24.ro/stiri/actualitate/politica/clotilde-armand-il-ataca-pe-nicusor-dan-sa-nu-mai-complice-lucrurile-1415116 to id[140602348201872]
DEBUG:NewsApp:Added Conferinţa anuală UNSAR: Provocările lumii noi, o economie pregătită pentru neprevăzut, https://www.digi24.ro/stiri/economie/conferinta-anuala-unsar-provocarile-lumii-noi-o-economie-pregatita-pentru-neprevazut-1414964 to id[140602348201872]
DEBUG:NewsApp:Added Hartă interactivă  Rezultate parțiale oficiale alegeri parlamentare 2020. Au fost numărate peste 99% din voturi. AUR crește, PMP rămâne sub prag, https://www.digi24.ro/alegeri-parlamentare-2020/rezultate-partiale-oficiale-alegeri-parlamentare-2020-bec-psd-2983-pnl-2466-usr-plus-1544-1413709 to id[140602348201872]
DEBUG:NewsApp:Added Ghicitoarele din Ploiești, percheziționate de polițiști. Mai multe persoane bănuite de înșelăciune au fost conduse la audieri, https://www.digi24.ro/stiri/actualitate/justitie/ghicitoarele-din-ploiesti-perchezitionate-de-politisti-mai-multe-persoane-banuite-de-inselaciune-au-fost-conduse-la-audieri-1415146 to id[140602348201872]
DEBUG:NewsApp:Added NYT: „Copiii Pornhub”. Cel mai cunoscut site pentru adulți, acuzat că permite difuzarea de clipuri cu violuri asupra minorilor, https://www.digi24.ro/stiri/externe/mapamond/nyt-copiii-pornhub-cel-mai-cunoscut-site-pentru-adulti-acuzat-ca-permite-difuzarea-de-clipuri-cu-violuri-asupra-minorilor-1414994 to id[140602348201872]
DEBUG:NewsApp:Added Când va decide Agenţia Europeană pentru Medicamente în privința autorizării vaccinurilor Pfizer - BioNTech și Moderna, https://www.digi24.ro/stiri/actualitate/sanatate/cand-va-decide-agentia-europeana-pentru-medicamente-in-privinta-autorizarii-vaccinurilor-pfizer-biontech-si-moderna-1415147 to id[140602348201872]
DEBUG:NewsApp:Added Coronavirus România, INFORMAȚII OFICIALE: 532.040 de infectări și 12.821 de persoane decedate din cauza COVID-19, https://www.digi24.ro/stiri/actualitate/informatii-oficiale-despre-coronavirus-in-romania-1266261 to id[140602348201872]
DEBUG:NewsApp:Added Surpriză! Nu este vocea lui Colţescu cea care spune "ăla negru de acolo. Nu se poate aşa ceva" AUDIO, https://www.digisport.ro/fotbal/champions-league/nu-e-coltescu-inregistrarea-momentului-care-a-declansat-scandalul-imens-de-la-psg-istanbul-basaksehir-965023 to id[140602348201872]
DEBUG:NewsApp:Added Surse: Cele trei nume dintre care Klaus Iohannis alege premierul, https://www.digi24.ro/stiri/actualitate/politica/care-sunt-cele-trei-nume-de-premier-cu-care-a-plecat-orban-la-cotroceni-1415090 to id[140602348201872]
DEBUG:NewsApp:Added Germania a ajuns la un compromis cu Polonia şi Ungaria pentru a debloca bugetul UE, https://www.digi24.ro/stiri/externe/ue/germania-a-ajuns-la-un-compromis-cu-polonia-si-ungaria-pentru-a-debloca-bugetul-ue-1415109 to id[140602348201872]
DEBUG:NewsApp:Added ONU: Pământul continuă să se încălzească și temperatura globală va crește cu peste 3 grade Celsius până la sfârșitul secolului, https://www.digi24.ro/stiri/externe/mapamond/onu-pamantul-continua-sa-se-incalzeasca-si-temperatura-globala-va-creste-cu-peste-3-grade-celsius-pana-la-sfarsitul-secolului-1415123 to id[140602348201872]
DEBUG:NewsApp:Added ASF: Fondurile de pensii private au un risc redus de a fi afectate de pandemie. Majoritatea investițiilor, în titluri de stat, https://www.digi24.ro/stiri/economie/digi-economic/asf-fondurile-de-pensii-private-au-un-risc-redus-de-a-fi-afectate-de-pandemie-majoritatea-investitiilor-in-titluri-de-stat-1415118 to id[140602348201872]
DEBUG:NewsApp:Added Cu cât a scăzut Produsul Intern Brut în primele 9 luni ale anului. Domeniul care a avut o creștere de peste 10% în 2020, https://www.digi24.ro/stiri/economie/finante-economie/cu-cat-a-scazut-produsul-intern-brut-in-primele-9-luni-ale-anului-domeniul-care-a-avut-o-crestere-de-peste-10-in-2020-1414356 to id[140602348201872]
DEBUG:NewsApp:Added ANALIZĂ a ministrului de Externe, Bogdan Aurescu: UE nu va fi influentă ca actor global dacă nu va acționa eficient în vecinătatea sa, https://www.digi24.ro/opinii/analiza-a-ministrului-de-externe-bogdan-aurescu-ue-nu-va-fi-influenta-ca-actor-global-daca-nu-va-actiona-eficient-in-vecinatatea-sa-1411975 to id[140602348201872]
DEBUG:NewsApp:Added Accesibilizare și incluziune – investiții pentru asigurarea bunăstării tuturor, https://www.digi24.ro/opinii/accesibilizare-si-incluziune-investitii-pentru-asigurarea-bunastarii-tuturor-1411618 to id[140602348201872]
DEBUG:NewsApp:Added Reacția ministrului Stroe în scandalul „Colțescu”: Îmi cer scuze în numele sportului românesc, https://www.digi24.ro/stiri/sport/fotbal/reactia-ministrului-stroe-in-scandalul-coltescu-imi-cer-scuze-in-numele-sportului-romanesc-1414869 to id[140602348201872]
DEBUG:NewsApp:Added Nicușor Dan o critică pe Clotilde Armand în scandalul gunoiului: E o responsabilitate a Primăriei Sectorului 1, sper să se achite de ea, https://www.digi24.ro/stiri/actualitate/social/nicusor-dan-o-critica-pe-clotilde-armand-in-scandalul-gunoiului-sectorul-1-contract-1414757 to id[140602348201872]
DEBUG:NewsApp:Added Eximbank din SUA ar putea finanța extracția de gaze din Marea Neagră, https://www.digi24.ro/stiri/economie/eximbank-din-sua-ar-putea-finanta-extractia-de-gaze-din-marea-neagra-1415158 to id[140602348201872]
DEBUG:NewsApp:Added ActiveWatch şi alte şase organizaţii îi cer preşedintelui să nu accepte pentru funcţia de premier o..., https://www.digi24.ro/stiri/actualitate/politica/activewatch-si-alte-sase-organizatii-ii-cer-presedintelui-sa-nu-accepte-pentru-functia-de-premier-o-persoana-cu-profil-militar-1415184 to id[140602348201872]
DEBUG:NewsApp:Added Noi reguli pentru supermarketurile din București, după explozia numărului de cazuri Covid, https://www.digi24.ro/stiri/actualitate/noi-reguli-pentru-supermarketuri-in-bucuresti-dupa-explozia-numarului-de-cazuri-1415168 to id[140602348201872]
DEBUG:NewsApp:Added Doctoriță din România ucisă în Germania. Poliția l-a reținut pe fostul iubit pe care l-a părăsit..., https://www.digi24.ro/stiri/externe/mapamond/doctorita-din-romania-ucisa-in-germania-politia-l-a-retinut-pe-fostul-iubit-pe-care-l-a-parasit-recent-1415160 to id[140602348201872]
DEBUG:NewsApp:Added CNCD: Învăţătoare amendată pentru „comportament ostil” faţă de un elev cu autism. A fost..., https://www.digi24.ro/stiri/actualitate/educatie/cncd-invatatoare-amendata-pentru-comportament-ostil-fata-de-un-elev-cu-autism-a-fost-sanctionata-si-scoala-1415135 to id[140602348201872]
DEBUG:NewsApp:Added La Volan 5 decembrie 12 30, https://www.digi24.ro/emisiuni/la-volan/la-volan-5-decembrie-12-30-1412565 to id[140602348201872]
DEBUG:NewsApp:Added Tinerete fara Batranete 5 decembrie 17 30, https://www.digi24.ro/emisiuni/tinerete-fara-batranete/tinerete-fara-batranete-5-decembrie-17-30-1412701 to id[140602348201872]
DEBUG:NewsApp:Added Pasaport diplomatic 4 decembrie 11 30, https://www.digi24.ro/emisiuni/pasaport-diplomatic/pasaport-diplomatic-4-decembrie-11-30-1412040 to id[140602348201872]
DEBUG:NewsApp:Added Noua boală misterioasă face tot mai multe victime în India. Ce s-a descoperit..., https://www.digi24.ro/stiri/externe/noua-boala-misterioasa-face-tot-mai-multe-victime-in-india-ce-s-a-descoperit-in-sangele-pacientilor-1414434 to id[140602348201872]
DEBUG:NewsApp:Added Parlamentar de AUR. Dacopatul. Generalul. Bodyguardul. Rapsodul. Negaționistul..., https://www.digi24.ro/alegeri-parlamentare-2020/parlamentar-de-aur-dacopatul-generalul-legionarul-bodyguardul-rapsodul-negationistul-mesajul-sa-deratizam-spurcaciunea-1413873 to id[140602348201872]
DEBUG:NewsApp:Added Scandalul „Colțescu” ia dimensiuni diplomatice. Erdogan și alți oficiali..., https://www.digi24.ro/stiri/externe/presedintele-turc-recep-erdogan-reactioneaza-in-scandalul-de-rasism-in-care-este-implicat-arbitrul-roman-sebastian-coltescu-1414791 to id[140602348201872]
DEBUG:NewsApp:Added „Avionul Apocalipsei” care ar trebui să îl protejeze pe Putin în cazul unui..., https://www.digi24.ro/stiri/externe/rusia/avionul-apocalipsei-care-ar-trebui-sa-il-protejeze-pe-putin-in-cazul-unui-atac-nuclear-a-fost-jefuit-1414639 to id[140602348201872]
DEBUG:NewsApp:Added VIDEO. Al doilea monolit misterios a apărut în România, pe plaja sălbatică de..., https://www.digi24.ro/stiri/actualitate/evenimente/video-al-doilea-monolit-misterios-a-aparut-in-romania-pe-plaja-salbatica-de-la-vadu-1414508 to id[140602348201872]
DEBUG:NewsApp:Added Arbitrul român Sebastian Colțescu, acuzat de rasism, https://www.digi24.ro/video/arbitrul-roman-sebastian-coltescu-acuzat-de-rasism-1414877 to id[140602348201872]
DEBUG:NewsApp:Added Traian Băsescu, despre AUR și troli, https://www.digi24.ro/video/traian-basescu-despre-aur-si-troli-1414890 to id[140602348201872]
DEBUG:NewsApp:Added CTP: Este cea mai rea dintre situațiile posibile, https://www.digi24.ro/video/ctp-este-cea-mai-rea-dintre-situatiile-posibile-1414895 to id[140602348201872]
DEBUG:NewsApp:Added Burlanul a devenit simbolul atacurilor politice din Ungaria, după scandalul sexual al europarlamentarului Jozsef Szajer, https://www.digi24.ro/video/burlanul-a-devenit-simbolul-atacurilor-politice-din-ungaria-dupa-scandalul-sexual-al-europarlamentarului-jozsef-szajer-1414384 to id[140602348201872]
DEBUG:NewsApp:Added Primul britanic vaccinat împotriva COVID-19 este o femeie de 90 de ani, https://www.digi24.ro/video/primul-britanic-vaccinat-impotriva-covid-19-este-o-femeie-de-90-de-ani-1414369 to id[140602348201872]
DEBUG:NewsApp:Added Surse CCR: Sporul de Covid pentru profesori este neconstituțional, https://www.digi24.ro/stiri/actualitate/surse-ccr-sporul-de-covid-pentru-profesori-este-neconstitutional-1415111 to id[140602348201872]
DEBUG:NewsApp:Added Rareș Bogdan: Azi validăm propunerea de premier. Sunt trei nume. Nimeni nu militarizează România, https://www.digi24.ro/stiri/actualitate/politica/rares-bogdan-azi-validam-propunerea-de-premier-sunt-trei-nume-nimeni-nu-militarizeaza-romania-1415051 to id[140602348201872]
DEBUG:NewsApp:Added Reacția MAE la scandalul de rasism în care este implicat arbitrul Sebastian Colțescu, https://www.digi24.ro/stiri/sport/fotbal/reactia-mae-la-scandalul-de-rasism-in-care-este-implicat-arbitrul-sebastian-coltescu-1414991 to id[140602348201872]
DEBUG:NewsApp:Added După ce a rămas fără cetăţenia moldovenească, Cristian Rizea s-a ales și cu dosar penal pentru fals în declarații, https://www.digi24.ro/stiri/actualitate/justitie/dupa-ce-a-ramas-fara-cetatenia-moldoveneasca-cristian-rizea-s-a-ales-si-cu-dosar-penal-pentru-fals-in-declaratii-1414938 to id[140602348201872]
DEBUG:NewsApp:Added Ludovic Orban merge la discuții cu președintele Iohannis, înainte ca PNL să valideze numele premierului, https://www.digi24.ro/stiri/actualitate/politica/ludovic-orban-merge-la-discutii-cu-presedintele-iohannis-inainte-ca-pnl-sa-anunte-numele-premierului-1414951 to id[140602348201872]
DEBUG:NewsApp:Added Testele recomandate pentru diagnosticul COVID-19, https://www.digi24.ro/sanatate-digimatinal/testele-recomandate-pentru-diagnosticul-covid-19-1414896 to id[140602348201872]
DEBUG:NewsApp:Added Majoritatea companiilor municipale vor dispărea, managerii lor vor fi dați afară. Nicușor Dan: „Asta-i viața!”, https://www.digi24.ro/stiri/economie/companii/majoritatea-companiilor-municipale-vor-disparea-managerii-lor-vor-fi-dati-afara-nicusor-dan-asta-i-viata-1414734 to id[140602348201872]
DEBUG:NewsApp:Added Legea care permite angajatorilor să reducă la jumătate timpul de lucru și salariile angajaților, din cauza pandemiei - promulgată, https://www.digi24.ro/stiri/economie/legea-care-permite-angajatorilor-sa-reduca-la-jumatate-timpul-de-lucru-si-salariile-angajatilor-din-cauza-pandemiei-promulgata-1414521 to id[140602348201872]
DEBUG:NewsApp:Added Circulație blocată pe autostrăzile A1 și A2, din cauza unor TIR-uri care au derapat, https://www.digi24.ro/stiri/economie/transporturi/circulatie-blocata-pe-autostrazile-a1-si-a2-din-cauza-unor-tir-uri-care-au-derapat-1414291 to id[140602348201872]
DEBUG:NewsApp:Added Zonele din Bucureşti, Ilfov şi Giurgiu în care alimentarea cu energie electrică va fi întreruptă temporar astăzi, https://www.digi24.ro/stiri/economie/consumatori/zonele-din-bucuresti-ilfov-si-giurgiu-in-care-alimentarea-cu-energie-electrica-va-fi-intrerupta-temporar-astazi-1414256 to id[140602348201872]
DEBUG:NewsApp:Added Leul reacționează după primele rezultate ale alegerilor parlamentare, https://www.digi24.ro/stiri/economie/digi-economic/leul-reactioneaza-dupa-primele-rezultate-ale-alegerilor-parlamentare-1413874 to id[140602348201872]
DEBUG:NewsApp:Added Donald Trump a anunțat că avocatul său, Rudy Giuliani, are Covid, https://www.digi24.ro/stiri/economie/donald-trump-a-anuntat-ca-avocatul-sau-rudy-giuliani-are-covid-1413528 to id[140602348201872]
DEBUG:NewsApp:Added Prima reacție atribuită lui Colțescu, în scandalul de rasism: Îmi..., https://www.digi24.ro/stiri/sport/fotbal/prima-reactie-atribuita-lui-coltescu-in-scandalul-de-rasism-imi-pare-rau-pentru-neintelegere-nu-a-fost-intentia-mea-1414930 to id[140602348201872]
DEBUG:NewsApp:Added FOTO | Scandalul „Ăla negru de acolo” în presa internațională. Marile..., https://www.digi24.ro/stiri/sport/fotbal/foto-scandalul-ala-negru-de-acolo-in-presa-internationala-marile-site-uri-de-stiri-scriu-despre-incidentul-cu-arbitrul-coltescu-1414862 to id[140602348201872]
DEBUG:NewsApp:Added Scandalul Colțescu, reacții la Paris. Roxana Mărăcineanu, ministrul..., https://www.digi24.ro/stiri/sport/fotbal/scandalul-coltescu-reactii-la-paris-roxana-maracineanu-ministrul-sporturilor-din-franta-un-rasism-ordinar-1414825 to id[140602348201872]
DEBUG:NewsApp:Added Scandal uriaș la meciul PSG-Istanbul BB: Arbitrul Sebastian Colțescu..., https://www.digi24.ro/stiri/sport/fotbal/scandal-urias-in-champions-league-psg-istanbul-sebastian-coltescu-rasism-1414761 to id[140602348201872]
DEBUG:NewsApp:Added Simona Halep rămâne fără banii de la WTA. Ce spune jucătoarea din..., https://www.digi24.ro/stiri/sport/tenis/simona-halep-ramane-fara-banii-de-la-wta-ce-spune-jucatoarea-din-constanta-1412621 to id[140602348201872]
DEBUG:NewsApp:Added Un cercetător român a câștigat un grant de 1,45 milioane de euro de..., https://www.digi24.ro/stiri/externe/ue/un-cercetator-roman-a-castigat-un-grant-de-145-milioane-de-euro-de-la-ue-1415076 to id[140602348201872]
DEBUG:NewsApp:Added 53% din vaccinurile anti-Covid pentru 14% din populația lumii..., https://www.digi24.ro/stiri/externe/53-din-vaccinurile-anti-covid-pentru-14-din-populatia-lumii-diferenta-dintre-bogati-si-saraci-in-fata-coronavirusului-1415008 to id[140602348201872]
DEBUG:NewsApp:Added Cât de periculoase sunt organoclorurile și ce legătură au cu boala misterioasă apărută în India, https://www.digi24.ro/stiri/externe/mapamond/cat-de-periculoase-sunt-organoclorurile-si-ce-legatura-au-cu-boala-misterioasa-aparuta-in-india-1415011 to id[140602348201872]
DEBUG:NewsApp:Added Netanyahu anunță că va fi prima persoană din Israel care se vaccinează. Au ajuns primele doze din vaccinul Pfizer, https://www.digi24.ro/stiri/externe/netanyahu-anunta-ca-va-fi-prima-persoana-din-israel-care-se-vaccineaza-au-ajuns-primele-doze-din-vaccinul-pfizer-1414992 to id[140602348201872]
DEBUG:NewsApp:Added Un oposum pigmeu a fost descoperit pe Insula Cangurilor, la un an de..., https://www.digi24.ro/stiri/externe/mapamond/un-oposum-pigmeu-a-fost-descoperit-pe-insula-cangurilor-la-un-an-de-la-incendiile-devastatoare-care-ar-fi-exterminat-specia-1414950 to id[140602348201872]
DEBUG:NewsApp:Added Bastioanele extremei de dreapta din Germania sunt cel mai grav..., https://www.digi24.ro/stiri/externe/ue/bastioanele-extremei-de-dreapta-din-germana-sunt-cel-mai-grav-afectate-de-pandemia-de-covid-19-1414937 to id[140602348201872]
DEBUG:NewsApp:Added (P) BestSecret este în sfârșit în România: peste 3000 branduri de..., https://www.digi24.ro/stiri/actualitate/social/p-bestsecret-este-in-sfarsit-in-romania-peste-3000-branduri-de-moda-cunoscute-cu-reduceri-de-pana-la-80-1415084 to id[140602348201872]
DEBUG:NewsApp:Added Explicații pentru numărul mare de cazuri de COVID-19 în București..., https://www.digi24.ro/stiri/actualitate/explicatii-pentru-numarul-mare-de-cazuri-de-covid-19-in-bucuresti-comparativ-cu-restul-tarii-1415078 to id[140602348201872]
DEBUG:NewsApp:Added Crește rata de infectare în București, unde două zile la rând s-au înregistrat 1.946 de cazuri de Covid, https://www.digi24.ro/stiri/actualitate/creste-rata-de-infectare-in-bucuresti-unde-doua-zile-la-rand-s-au-inregistrat-cate-1-946-1415074 to id[140602348201872]
DEBUG:NewsApp:Added Primăria Arad caută alt brad, după ce pomul de Crăciun pe care a plătit 7.300 de lei a ajuns ținta ironiilor, https://www.digi24.ro/regional/primaria-arad-cauta-alt-brad-dupa-ce-pomul-de-craciun-pe-care-a-platit-7-300-de-lei-a-ajuns-tinta-ironiilor-1415049 to id[140602348201872]
DEBUG:NewsApp:Added Morți suspecte. Patru cadavre, printre care și al unui copil, găsite..., https://www.digi24.ro/stiri/actualitate/social/morti-suspecte-patru-cadavre-printre-care-si-al-unui-copil-gasite-in-casa-fara-niciun-semn-de-violenta-1415016 to id[140602348201872]
DEBUG:NewsApp:Added Taxele pentru permisul de conducere și certificatul de înmatriculare..., https://www.digi24.ro/stiri/actualitate/taxele-pentru-permis-de-conducere-certificat-de-inmatriculare-si-autorizatie-de-circulatie-provizorie-se-vor-putea-plati-online-1415044 to id[140602348201872]
DEBUG:NewsApp:Added Un medic român a luat mită de 90.370 lei și 17.760 de euro de la..., https://www.digi24.ro/stiri/actualitate/un-medic-roman-a-luat-mita-de-90-370-lei-si-17-760-de-euro-de-la-aproape-500-de-pacienti-in-25-de-zile-1414640 to id[140602348201872]
DEBUG:NewsApp:Added Bancnote euro contrafăcute puse în circulație în România. Polițiștii..., https://www.digi24.ro/stiri/actualitate/bancnote-euro-fabricate-si-puse-in-circulatie-in-romania-politistii-au-facut-perchezitii-in-judetul-bihor-1414560 to id[140602348201872]
DEBUG:NewsApp:Added Un bărbat a fost prins cu 2,6 kilograme de cannabis în mașină. La percheziții au mai fost găsite 900 de grame, https://www.digi24.ro/stiri/actualitate/justitie/un-barbat-a-fost-prins-cu-26-kilograme-de-cannabis-in-masina-la-perchezitii-au-mai-fost-gasite-900-de-grame-1414494 to id[140602348201872]
DEBUG:NewsApp:Added Incidente la alegerile parlamentare. O femeie nu a fost lăsată să voteze în Cluj pentru că membrii secției erau în pauză de masă, https://www.digi24.ro/alegeri-parlamentare-2020/incidente-la-alegerile-parlamentare-o-femeie-nu-a-fost-lasata-sa-voteze-in-cluj-pentru-ca-membrii-sectiei-erau-in-pauza-de-masa-1413351 to id[140602348201872]
DEBUG:NewsApp:Added Imagini cu tâlharul care a agresat mai multe femei în Capitală..., https://www.digi24.ro/stiri/actualitate/imagini-cu-talharul-care-a-agresat-mai-multe-femei-in-capitala-barbatul-a-fost-arestat-preventiv-1412656 to id[140602348201872]
DEBUG:NewsApp:Added Alegeri parlamentare 2020. Cum se pedepseste tentativa de vot multiplu, https://www.digi24.ro/alegeri-parlamentare-2020/alegeri-parlamentare-2020-cum-se-pedepseste-tentativa-de-vot-multiplu-1411622 to id[140602348201872]
DEBUG:NewsApp:Added Avertisment de la Organizaţia Meteorologică Mondială: Catastrofele..., https://www.digi24.ro/stiri/sci-tech/natura-si-mediu/avertisment-de-la-organizatia-meteorologica-mondiala-catastrofele-climatice-se-tin-in-serie-este-sinucidere-1414929 to id[140602348201872]
DEBUG:NewsApp:Added VIDEO | Lansarea unei noi rachete SpaceX, anulată cu 1,3 secunde..., https://www.digi24.ro/stiri/sci-tech/video-lansarea-unei-noi-rachete-spacex-anulata-cu-13-secunde-inainte-de-momentul-to-1414891 to id[140602348201872]
DEBUG:NewsApp:Added Regiunea Arctică arată de nerecunoscut - mai verde, mai caldă și mai lipsită de gheață, https://www.digi24.ro/stiri/sci-tech/natura-si-mediu/regiunea-arctica-arata-de-nerecunoscut-mai-verde-mai-calda-si-mai-lipsita-de-gheata-1414694 to id[140602348201872]
DEBUG:NewsApp:Added Posibilă descoperire revoluționară la NASA. Cercetătorii spun că ar putea începe să producă oxigen pe planeta Marte, https://www.digi24.ro/stiri/sci-tech/descoperiri/posibila-descoperire-revolutionara-la-nasa-cercetatorii-spun-ca-ar-putea-incepe-sa-produca-oxigen-pe-planeta-marte-1414561 to id[140602348201872]
DEBUG:NewsApp:Added Cel mai înalt munte din lume a „crescut” cu aproape un metru. Care..., https://www.digi24.ro/stiri/sci-tech/natura-si-mediu/cel-mai-inalt-munte-din-lume-a-crescut-cu-aproape-un-metru-care-este-inaltimea-everestului-si-de-ce-nu-s-au-inteles-china-si-nepal-1414475 to id[140602348201872]
DEBUG:NewsApp:Added Noiembrie 2020, cea mai caldă lună noiembrie înregistrată vreodată, https://www.digi24.ro/stiri/sci-tech/natura-si-mediu/noiembrie-2020-cea-mai-calda-luna-noiembrie-inregistrata-vreodata-1413910 to id[140602348201872]
INFO:NewsApp:Attempting to open the file '09-12-2020_articles.txt'
DEBUG:NewsApp:Opened the file for append
INFO:NewsApp:Adding the header 'Example title' to the file
DEBUG:NewsApp:Closed the file
